30
380.098 286.721
422.846 64.0812
-336.683 437.325
-77.3588 -286.367
-133.755 -280.317
-379.036 -365.27
-446.11 -499.381
-324.267 90.8906
277.688 302.449
174.686 211.484
-143.629 145.49
-310.919 -287.611
-349.909 107.3
234.25 -40.054
223.651 -357.919
-346.391 -234.553
-167.618 -142.954
-10.1415 -9.62982
362.125 125.281
-332.933 262.282
185.655 -437.193
-173.758 304.249
186.626 -255.445
13.912 56.5122
-343.867 282.176
-203.457 -478.762
57.7519 -186.659
-165.76 -359.182
32.4737 141.352
377.106 273.006
